1754434971.787308 client started (55882): version 3.5a, socket /private/tmp/tmux-501/default, protocol 8
1754434971.787338 on Darwin 25.0.0 Darwin Kernel Version 25.0.0: Fri Jul 11 23:55:18 PDT 2025; root:xnu-12377.0.154.0.2~26/RELEASE_ARM64_T6031
1754434971.787343 using libevent 2.1.12-stable select
1754434971.788261 using utf8proc 2.10.0
1754434971.788273 using ncurses 6.5 20240427
1754434971.788287 flags are 0x18010000
1754434971.788292 socket is /private/tmp/tmux-501/default
1754434971.788303 trying connect
1754434971.788342 add peer 0xb6ec1c000: 6 (0x0)
1754434971.791520 sending message 111 to peer 0xb6ec1c000 (8 bytes)
1754434971.791529 sending message 111 to peer 0xb6ec1c000 (8 bytes)
1754434971.791535 sending message 101 to peer 0xb6ec1c000 (14 bytes)
1754434971.791540 sending message 109 to peer 0xb6ec1c000 (4 bytes)
1754434971.791544 sending message 102 to peer 0xb6ec1c000 (13 bytes)
1754434971.791549 sending message 108 to peer 0xb6ec1c000 (17 bytes)
1754434971.791554 sending message 112 to peer 0xb6ec1c000 (70 bytes)
1754434971.791558 sending message 112 to peer 0xb6ec1c000 (5 bytes)
1754434971.791563 sending message 112 to peer 0xb6ec1c000 (5 bytes)
1754434971.791571 sending message 112 to peer 0xb6ec1c000 (6 bytes)
1754434971.791577 sending message 112 to peer 0xb6ec1c000 (6 bytes)
1754434971.791581 sending message 112 to peer 0xb6ec1c000 (11 bytes)
1754434971.791586 sending message 112 to peer 0xb6ec1c000 (10 bytes)
1754434971.791590 sending message 112 to peer 0xb6ec1c000 (13 bytes)
1754434971.791594 sending message 112 to peer 0xb6ec1c000 (14 bytes)
1754434971.791599 sending message 112 to peer 0xb6ec1c000 (9 bytes)
1754434971.791604 sending message 112 to peer 0xb6ec1c000 (21 bytes)
1754434971.791608 sending message 112 to peer 0xb6ec1c000 (19 bytes)
1754434971.791613 sending message 112 to peer 0xb6ec1c000 (11 bytes)
1754434971.791617 sending message 112 to peer 0xb6ec1c000 (21 bytes)
1754434971.791621 sending message 112 to peer 0xb6ec1c000 (13 bytes)
1754434971.791625 sending message 112 to peer 0xb6ec1c000 (7 bytes)
1754434971.791630 sending message 112 to peer 0xb6ec1c000 (13 bytes)
1754434971.791636 sending message 112 to peer 0xb6ec1c000 (7 bytes)
1754434971.791642 sending message 112 to peer 0xb6ec1c000 (13 bytes)
1754434971.791647 sending message 112 to peer 0xb6ec1c000 (9 bytes)
1754434971.791652 sending message 112 to peer 0xb6ec1c000 (21 bytes)
1754434971.791657 sending message 112 to peer 0xb6ec1c000 (13 bytes)
1754434971.791662 sending message 112 to peer 0xb6ec1c000 (9 bytes)
1754434971.791667 sending message 112 to peer 0xb6ec1c000 (16 bytes)
1754434971.791671 sending message 112 to peer 0xb6ec1c000 (13 bytes)
1754434971.791676 sending message 112 to peer 0xb6ec1c000 (9 bytes)
1754434971.791680 sending message 112 to peer 0xb6ec1c000 (9 bytes)
1754434971.791685 sending message 112 to peer 0xb6ec1c000 (12 bytes)
1754434971.791689 sending message 112 to peer 0xb6ec1c000 (8 bytes)
1754434971.791693 sending message 112 to peer 0xb6ec1c000 (12 bytes)
1754434971.791697 sending message 112 to peer 0xb6ec1c000 (8 bytes)
1754434971.791701 sending message 112 to peer 0xb6ec1c000 (13 bytes)
1754434971.791706 sending message 112 to peer 0xb6ec1c000 (7 bytes)
1754434971.791710 sending message 112 to peer 0xb6ec1c000 (7 bytes)
1754434971.791714 sending message 112 to peer 0xb6ec1c000 (9 bytes)
1754434971.791718 sending message 112 to peer 0xb6ec1c000 (12 bytes)
1754434971.791722 sending message 112 to peer 0xb6ec1c000 (6 bytes)
1754434971.791728 sending message 112 to peer 0xb6ec1c000 (9 bytes)
1754434971.791732 sending message 112 to peer 0xb6ec1c000 (15 bytes)
1754434971.791738 sending message 112 to peer 0xb6ec1c000 (13 bytes)
1754434971.791742 sending message 112 to peer 0xb6ec1c000 (9 bytes)
1754434971.791746 sending message 112 to peer 0xb6ec1c000 (12 bytes)
1754434971.791750 sending message 112 to peer 0xb6ec1c000 (8 bytes)
1754434971.791755 sending message 112 to peer 0xb6ec1c000 (14 bytes)
1754434971.791760 sending message 112 to peer 0xb6ec1c000 (11 bytes)
1754434971.791764 sending message 112 to peer 0xb6ec1c000 (9 bytes)
1754434971.791779 sending message 112 to peer 0xb6ec1c000 (10 bytes)
1754434971.791782 sending message 112 to peer 0xb6ec1c000 (10 bytes)
1754434971.791786 sending message 112 to peer 0xb6ec1c000 (10 bytes)
1754434971.791789 sending message 112 to peer 0xb6ec1c000 (10 bytes)
1754434971.791792 sending message 112 to peer 0xb6ec1c000 (11 bytes)
1754434971.791795 sending message 112 to peer 0xb6ec1c000 (12 bytes)
1754434971.791799 sending message 112 to peer 0xb6ec1c000 (12 bytes)
1754434971.791802 sending message 112 to peer 0xb6ec1c000 (12 bytes)
1754434971.791805 sending message 112 to peer 0xb6ec1c000 (12 bytes)
1754434971.791808 sending message 112 to peer 0xb6ec1c000 (12 bytes)
1754434971.791812 sending message 112 to peer 0xb6ec1c000 (11 bytes)
1754434971.791815 sending message 112 to peer 0xb6ec1c000 (11 bytes)
1754434971.791818 sending message 112 to peer 0xb6ec1c000 (12 bytes)
1754434971.791823 sending message 112 to peer 0xb6ec1c000 (12 bytes)
1754434971.791826 sending message 112 to peer 0xb6ec1c000 (12 bytes)
1754434971.791831 sending message 112 to peer 0xb6ec1c000 (12 bytes)
1754434971.791834 sending message 112 to peer 0xb6ec1c000 (12 bytes)
1754434971.791838 sending message 112 to peer 0xb6ec1c000 (9 bytes)
1754434971.791842 sending message 112 to peer 0xb6ec1c000 (12 bytes)
1754434971.791846 sending message 112 to peer 0xb6ec1c000 (13 bytes)
1754434971.791849 sending message 112 to peer 0xb6ec1c000 (13 bytes)
1754434971.791852 sending message 112 to peer 0xb6ec1c000 (13 bytes)
1754434971.791855 sending message 112 to peer 0xb6ec1c000 (13 bytes)
1754434971.791859 sending message 112 to peer 0xb6ec1c000 (13 bytes)
1754434971.791862 sending message 112 to peer 0xb6ec1c000 (8 bytes)
1754434971.791865 sending message 112 to peer 0xb6ec1c000 (11 bytes)
1754434971.791868 sending message 112 to peer 0xb6ec1c000 (11 bytes)
1754434971.791872 sending message 112 to peer 0xb6ec1c000 (11 bytes)
1754434971.791875 sending message 112 to peer 0xb6ec1c000 (12 bytes)
1754434971.791878 sending message 112 to peer 0xb6ec1c000 (12 bytes)
1754434971.791881 sending message 112 to peer 0xb6ec1c000 (12 bytes)
1754434971.791885 sending message 112 to peer 0xb6ec1c000 (12 bytes)
1754434971.791889 sending message 112 to peer 0xb6ec1c000 (13 bytes)
1754434971.791892 sending message 112 to peer 0xb6ec1c000 (13 bytes)
1754434971.791896 sending message 112 to peer 0xb6ec1c000 (13 bytes)
1754434971.791899 sending message 112 to peer 0xb6ec1c000 (8 bytes)
1754434971.791902 sending message 112 to peer 0xb6ec1c000 (13 bytes)
1754434971.791905 sending message 112 to peer 0xb6ec1c000 (13 bytes)
1754434971.791909 sending message 112 to peer 0xb6ec1c000 (13 bytes)
1754434971.791912 sending message 112 to peer 0xb6ec1c000 (13 bytes)
1754434971.791915 sending message 112 to peer 0xb6ec1c000 (13 bytes)
1754434971.791918 sending message 112 to peer 0xb6ec1c000 (12 bytes)
1754434971.791921 sending message 112 to peer 0xb6ec1c000 (12 bytes)
1754434971.791925 sending message 112 to peer 0xb6ec1c000 (12 bytes)
1754434971.791928 sending message 112 to peer 0xb6ec1c000 (12 bytes)
1754434971.791931 sending message 112 to peer 0xb6ec1c000 (13 bytes)
1754434971.791934 sending message 112 to peer 0xb6ec1c000 (8 bytes)
1754434971.791938 sending message 112 to peer 0xb6ec1c000 (13 bytes)
1754434971.791941 sending message 112 to peer 0xb6ec1c000 (13 bytes)
1754434971.791944 sending message 112 to peer 0xb6ec1c000 (13 bytes)
1754434971.791947 sending message 112 to peer 0xb6ec1c000 (13 bytes)
1754434971.791950 sending message 112 to peer 0xb6ec1c000 (13 bytes)
1754434971.791955 sending message 112 to peer 0xb6ec1c000 (13 bytes)
1754434971.791958 sending message 112 to peer 0xb6ec1c000 (13 bytes)
1754434971.791961 sending message 112 to peer 0xb6ec1c000 (12 bytes)
1754434971.791965 sending message 112 to peer 0xb6ec1c000 (12 bytes)
1754434971.791968 sending message 112 to peer 0xb6ec1c000 (12 bytes)
1754434971.791971 sending message 112 to peer 0xb6ec1c000 (8 bytes)
1754434971.791974 sending message 112 to peer 0xb6ec1c000 (12 bytes)
1754434971.791983 sending message 112 to peer 0xb6ec1c000 (13 bytes)
1754434971.791987 sending message 112 to peer 0xb6ec1c000 (13 bytes)
1754434971.791990 sending message 112 to peer 0xb6ec1c000 (13 bytes)
1754434971.791993 sending message 112 to peer 0xb6ec1c000 (13 bytes)
1754434971.791997 sending message 112 to peer 0xb6ec1c000 (13 bytes)
1754434971.792000 sending message 112 to peer 0xb6ec1c000 (13 bytes)
1754434971.792003 sending message 112 to peer 0xb6ec1c000 (13 bytes)
1754434971.792006 sending message 112 to peer 0xb6ec1c000 (13 bytes)
1754434971.792010 sending message 112 to peer 0xb6ec1c000 (12 bytes)
1754434971.792013 sending message 112 to peer 0xb6ec1c000 (10 bytes)
1754434971.792016 sending message 112 to peer 0xb6ec1c000 (12 bytes)
1754434971.792019 sending message 112 to peer 0xb6ec1c000 (12 bytes)
1754434971.792023 sending message 112 to peer 0xb6ec1c000 (12 bytes)
1754434971.792026 sending message 112 to peer 0xb6ec1c000 (13 bytes)
1754434971.792029 sending message 112 to peer 0xb6ec1c000 (13 bytes)
1754434971.792032 sending message 112 to peer 0xb6ec1c000 (13 bytes)
1754434971.792035 sending message 112 to peer 0xb6ec1c000 (13 bytes)
1754434971.792039 sending message 112 to peer 0xb6ec1c000 (13 bytes)
1754434971.792042 sending message 112 to peer 0xb6ec1c000 (13 bytes)
1754434971.792045 sending message 112 to peer 0xb6ec1c000 (13 bytes)
1754434971.792048 sending message 112 to peer 0xb6ec1c000 (10 bytes)
1754434971.792052 sending message 112 to peer 0xb6ec1c000 (13 bytes)
1754434971.792055 sending message 112 to peer 0xb6ec1c000 (12 bytes)
1754434971.792058 sending message 112 to peer 0xb6ec1c000 (12 bytes)
1754434971.792061 sending message 112 to peer 0xb6ec1c000 (12 bytes)
1754434971.792064 sending message 112 to peer 0xb6ec1c000 (10 bytes)
1754434971.792068 sending message 112 to peer 0xb6ec1c000 (10 bytes)
1754434971.792071 sending message 112 to peer 0xb6ec1c000 (10 bytes)
1754434971.792075 sending message 112 to peer 0xb6ec1c000 (12 bytes)
1754434971.792078 sending message 112 to peer 0xb6ec1c000 (13 bytes)
1754434971.792083 sending message 112 to peer 0xb6ec1c000 (13 bytes)
1754434971.792086 sending message 112 to peer 0xb6ec1c000 (13 bytes)
1754434971.792090 sending message 112 to peer 0xb6ec1c000 (13 bytes)
1754434971.792093 sending message 112 to peer 0xb6ec1c000 (13 bytes)
1754434971.792096 sending message 112 to peer 0xb6ec1c000 (10 bytes)
1754434971.792100 sending message 112 to peer 0xb6ec1c000 (11 bytes)
1754434971.792103 sending message 112 to peer 0xb6ec1c000 (12 bytes)
1754434971.792106 sending message 112 to peer 0xb6ec1c000 (12 bytes)
1754434971.792109 sending message 112 to peer 0xb6ec1c000 (12 bytes)
1754434971.792112 sending message 112 to peer 0xb6ec1c000 (12 bytes)
1754434971.792116 sending message 112 to peer 0xb6ec1c000 (12 bytes)
1754434971.792119 sending message 112 to peer 0xb6ec1c000 (11 bytes)
1754434971.792122 sending message 112 to peer 0xb6ec1c000 (12 bytes)
1754434971.792125 sending message 112 to peer 0xb6ec1c000 (12 bytes)
1754434971.792128 sending message 112 to peer 0xb6ec1c000 (13 bytes)
1754434971.792131 sending message 112 to peer 0xb6ec1c000 (13 bytes)
1754434971.792135 sending message 112 to peer 0xb6ec1c000 (13 bytes)
1754434971.792138 sending message 112 to peer 0xb6ec1c000 (13 bytes)
1754434971.792141 sending message 112 to peer 0xb6ec1c000 (13 bytes)
1754434971.792144 sending message 112 to peer 0xb6ec1c000 (10 bytes)
1754434971.792147 sending message 112 to peer 0xb6ec1c000 (9 bytes)
1754434971.792151 sending message 112 to peer 0xb6ec1c000 (12 bytes)
1754434971.792154 sending message 112 to peer 0xb6ec1c000 (13 bytes)
1754434971.792157 sending message 112 to peer 0xb6ec1c000 (13 bytes)
1754434971.792160 sending message 112 to peer 0xb6ec1c000 (13 bytes)
1754434971.792163 sending message 112 to peer 0xb6ec1c000 (13 bytes)
1754434971.792166 sending message 112 to peer 0xb6ec1c000 (13 bytes)
1754434971.792170 sending message 112 to peer 0xb6ec1c000 (9 bytes)
1754434971.792173 sending message 112 to peer 0xb6ec1c000 (12 bytes)
1754434971.792176 sending message 112 to peer 0xb6ec1c000 (13 bytes)
1754434971.792183 sending message 112 to peer 0xb6ec1c000 (13 bytes)
1754434971.792187 sending message 112 to peer 0xb6ec1c000 (13 bytes)
1754434971.792190 sending message 112 to peer 0xb6ec1c000 (13 bytes)
1754434971.792193 sending message 112 to peer 0xb6ec1c000 (13 bytes)
1754434971.792196 sending message 112 to peer 0xb6ec1c000 (11 bytes)
1754434971.792199 sending message 112 to peer 0xb6ec1c000 (12 bytes)
1754434971.792203 sending message 112 to peer 0xb6ec1c000 (13 bytes)
1754434971.792206 sending message 112 to peer 0xb6ec1c000 (13 bytes)
1754434971.792209 sending message 112 to peer 0xb6ec1c000 (13 bytes)
1754434971.792212 sending message 112 to peer 0xb6ec1c000 (13 bytes)
1754434971.792215 sending message 112 to peer 0xb6ec1c000 (13 bytes)
1754434971.792218 sending message 112 to peer 0xb6ec1c000 (11 bytes)
1754434971.792222 sending message 112 to peer 0xb6ec1c000 (12 bytes)
1754434971.792225 sending message 112 to peer 0xb6ec1c000 (12 bytes)
1754434971.792228 sending message 112 to peer 0xb6ec1c000 (12 bytes)
1754434971.792231 sending message 112 to peer 0xb6ec1c000 (12 bytes)
1754434971.792235 sending message 112 to peer 0xb6ec1c000 (12 bytes)
1754434971.792238 sending message 112 to peer 0xb6ec1c000 (21 bytes)
1754434971.792241 sending message 112 to peer 0xb6ec1c000 (12 bytes)
1754434971.792244 sending message 112 to peer 0xb6ec1c000 (9 bytes)
1754434971.792248 sending message 112 to peer 0xb6ec1c000 (6 bytes)
1754434971.792251 sending message 112 to peer 0xb6ec1c000 (13 bytes)
1754434971.792254 sending message 112 to peer 0xb6ec1c000 (10 bytes)
1754434971.792257 sending message 112 to peer 0xb6ec1c000 (15 bytes)
1754434971.792260 sending message 112 to peer 0xb6ec1c000 (13 bytes)
1754434971.792264 sending message 112 to peer 0xb6ec1c000 (9 bytes)
1754434971.792267 sending message 112 to peer 0xb6ec1c000 (70 bytes)
1754434971.792270 sending message 112 to peer 0xb6ec1c000 (69 bytes)
1754434971.792274 sending message 112 to peer 0xb6ec1c000 (34 bytes)
1754434971.792277 sending message 112 to peer 0xb6ec1c000 (34 bytes)
1754434971.792280 sending message 112 to peer 0xb6ec1c000 (70 bytes)
1754434971.792284 sending message 112 to peer 0xb6ec1c000 (12 bytes)
1754434971.792287 sending message 112 to peer 0xb6ec1c000 (10 bytes)
1754434971.792290 sending message 112 to peer 0xb6ec1c000 (10 bytes)
1754434971.792293 sending message 112 to peer 0xb6ec1c000 (15 bytes)
1754434971.792296 sending message 112 to peer 0xb6ec1c000 (13 bytes)
1754434971.792299 sending message 112 to peer 0xb6ec1c000 (10 bytes)
1754434971.792303 sending message 112 to peer 0xb6ec1c000 (10 bytes)
1754434971.792306 sending message 112 to peer 0xb6ec1c000 (17 bytes)
1754434971.792309 sending message 112 to peer 0xb6ec1c000 (10 bytes)
1754434971.792312 sending message 112 to peer 0xb6ec1c000 (13 bytes)
1754434971.792316 sending message 112 to peer 0xb6ec1c000 (32 bytes)
1754434971.792319 sending message 112 to peer 0xb6ec1c000 (5 bytes)
1754434971.792322 sending message 112 to peer 0xb6ec1c000 (9 bytes)
1754434971.792325 sending message 112 to peer 0xb6ec1c000 (15 bytes)
1754434971.792328 sending message 112 to peer 0xb6ec1c000 (5 bytes)
1754434971.792334 sending message 104 to peer 0xb6ec1c000 (0 bytes)
1754434971.792338 sending message 110 to peer 0xb6ec1c000 (0 bytes)
1754434971.792342 sending message 107 to peer 0xb6ec1c000 (4 bytes)
1754434971.792345 sending message 105 to peer 0xb6ec1c000 (234 bytes)
1754434971.792349 sending message 105 to peer 0xb6ec1c000 (75 bytes)
1754434971.792353 sending message 105 to peer 0xb6ec1c000 (21 bytes)
1754434971.792356 sending message 105 to peer 0xb6ec1c000 (19 bytes)
1754434971.792359 sending message 105 to peer 0xb6ec1c000 (15 bytes)
1754434971.792362 sending message 105 to peer 0xb6ec1c000 (57 bytes)
1754434971.792366 sending message 105 to peer 0xb6ec1c000 (27 bytes)
1754434971.792369 sending message 105 to peer 0xb6ec1c000 (11 bytes)
1754434971.792372 sending message 105 to peer 0xb6ec1c000 (22 bytes)
1754434971.792375 sending message 105 to peer 0xb6ec1c000 (66 bytes)
1754434971.792388 sending message 105 to peer 0xb6ec1c000 (32 bytes)
1754434971.792392 sending message 105 to peer 0xb6ec1c000 (714 bytes)
1754434971.792395 sending message 105 to peer 0xb6ec1c000 (43 bytes)
1754434971.792399 sending message 105 to peer 0xb6ec1c000 (21 bytes)
1754434971.792402 sending message 105 to peer 0xb6ec1c000 (17 bytes)
1754434971.792405 sending message 105 to peer 0xb6ec1c000 (14 bytes)
1754434971.792408 sending message 105 to peer 0xb6ec1c000 (19 bytes)
1754434971.792412 sending message 105 to peer 0xb6ec1c000 (8 bytes)
1754434971.792415 sending message 105 to peer 0xb6ec1c000 (18 bytes)
1754434971.792418 sending message 105 to peer 0xb6ec1c000 (63 bytes)
1754434971.792422 sending message 105 to peer 0xb6ec1c000 (36 bytes)
1754434971.792425 sending message 105 to peer 0xb6ec1c000 (14 bytes)
1754434971.792428 sending message 105 to peer 0xb6ec1c000 (98 bytes)
1754434971.792432 sending message 105 to peer 0xb6ec1c000 (57 bytes)
1754434971.792435 sending message 105 to peer 0xb6ec1c000 (64 bytes)
1754434971.792439 sending message 105 to peer 0xb6ec1c000 (18 bytes)
1754434971.792442 sending message 105 to peer 0xb6ec1c000 (20 bytes)
1754434971.792445 sending message 105 to peer 0xb6ec1c000 (24 bytes)
1754434971.792448 sending message 105 to peer 0xb6ec1c000 (30 bytes)
1754434971.792452 sending message 105 to peer 0xb6ec1c000 (37 bytes)
1754434971.792455 sending message 105 to peer 0xb6ec1c000 (34 bytes)
1754434971.792458 sending message 105 to peer 0xb6ec1c000 (60 bytes)
1754434971.792461 sending message 105 to peer 0xb6ec1c000 (30 bytes)
1754434971.792465 sending message 105 to peer 0xb6ec1c000 (12 bytes)
1754434971.792469 sending message 105 to peer 0xb6ec1c000 (107 bytes)
1754434971.792473 sending message 105 to peer 0xb6ec1c000 (19 bytes)
1754434971.792476 sending message 105 to peer 0xb6ec1c000 (38 bytes)
1754434971.792479 sending message 105 to peer 0xb6ec1c000 (26 bytes)
1754434971.792482 sending message 105 to peer 0xb6ec1c000 (15 bytes)
1754434971.792490 sending message 105 to peer 0xb6ec1c000 (25 bytes)
1754434971.792496 sending message 106 to peer 0xb6ec1c000 (0 bytes)
1754434971.792562 sending message 200 to peer 0xb6ec1c000 (4 bytes)
1754434971.792567 client loop enter
1754434971.799779 peer 0xb6ec1c000 message 207
1754434971.799793 sending message 208 to peer 0xb6ec1c000 (0 bytes)
1754434977.575318 peer 0xb6ec1c000 message 203
1754434977.575387 sending message 205 to peer 0xb6ec1c000 (0 bytes)
1754434977.576489 peer 0xb6ec1c000 message 204
1754434977.576514 client loop exit
